<?xml version="1.0" encoding="UTF-8"?>
<!-- Generated by org.testng.reporters.JUnitReportReporter -->
<testsuite hostname="AVADHUT" failures="0" tests="1" name="pfPack.tests.LoginTest" time="173.389" errors="0" timestamp="2022-06-30T14:09:12 IST" skipped="0">
  <testcase classname="pfPack.tests.LoginTest" name="testLogin" time="173.389"/>
  <system-out/>
</testsuite> <!-- pfPack.tests.LoginTest -->
